 !    The local psql command could not be located
 !    For help installing psql, see https://devcenter.heroku.com/articles/heroku-postgresql#local-setup
2014-10-17T03:01:35.539119+00:00 heroku[web.1]: Starting process with command `node app.js`
2014-10-17T03:02:07.915605+00:00 heroku[router]: at=info method=GET path="/" host=scout-ftc-web-app.herokuapp.com request_id=e478e1b2-afb1-4039-a07a-c0e49046e0d0 fwd="67.182.148.206" dyno=web.1 connect=1ms service=9ms status=200 bytes=1310
2014-10-17T03:02:06.624387+00:00 app[web.1]: path.exists is now called `fs.exists`.
2014-10-17T03:02:12.289167+00:00 app[web.1]: Starting request...
2014-10-17T03:02:12.302420+00:00 heroku[router]: at=info method=GET path="/index.js" host=scout-ftc-web-app.herokuapp.com request_id=02a8e1f1-cd6b-4c39-a61d-d76a5a037f3a fwd="67.182.148.206" dyno=web.1 connect=2ms service=14ms status=200 bytes=1754
2014-10-17T03:40:56.589199+00:00 app[web.1]: Starting request...
2014-10-17T03:40:56.019193+00:00 heroku[router]: at=info method=GET path="/game.html" host=scout-ftc-web-app.herokuapp.com request_id=1a36a107-c55f-4a0b-bb59-2e9a2678a038 fwd="166.137.101.161,64.233.172.68" dyno=web.1 connect=0ms service=2ms status=200 bytes=793
2014-10-17T03:40:56.017382+00:00 app[web.1]: Starting request...
2014-10-17T03:40:49.252239+00:00 heroku[router]: at=info method=GET path="/index.js" host=scout-ftc-web-app.herokuapp.com request_id=99098f55-b203-43d1-8c6d-6a26b5b8834c fwd="166.137.101.161,66.102.6.97" dyno=web.1 connect=1ms service=6ms status=200 bytes=1754
2014-10-17T03:40:56.592602+00:00 heroku[router]: at=info method=GET path="/canvas.js" host=scout-ftc-web-app.herokuapp.com request_id=3c5df765-fab1-4371-aaf1-75d1772c526c fwd="166.137.101.161,66.102.6.103" dyno=web.1 connect=2ms service=3ms status=200 bytes=894
2014-10-17T03:40:50.795242+00:00 heroku[router]: at=info method=GET path="/favicon.ico" host=scout-ftc-web-app.herokuapp.com request_id=fdcb659c-e9c9-4a5f-994a-0af17533b1e9 fwd="166.137.101.161,64.233.172.21" dyno=web.1 connect=0ms service=5ms status=200 bytes=1488
2014-10-17T03:40:48.682304+00:00 app[web.1]: Starting request...
2014-10-17T03:40:49.249241+00:00 app[web.1]: Starting request...
2014-10-17T03:40:48.685789+00:00 heroku[router]: at=info method=GET path="/" host=scout-ftc-web-app.herokuapp.com request_id=6fcc3f4b-c135-473d-b320-3c51c2c47e73 fwd="166.137.101.161,66.102.6.97" dyno=web.1 connect=0ms service=3ms status=200 bytes=1310
2014-10-17T04:53:47.287762+00:00 heroku[web.1]: Process exited with status 143
2014-10-17T04:53:42.690484+00:00 heroku[web.1]: Idling
2014-10-17T04:53:42.691103+00:00 heroku[web.1]: State changed from up to down
2014-10-17T04:53:45.541186+00:00 heroku[web.1]: Stopping all processes with SIGTERM
2014-10-18T00:14:52.257863+00:00 heroku[api]: Attach HEROKU_POSTGRESQL_NAVY resource by benevedeselias@gmail.com
2014-10-18T00:14:52.257930+00:00 heroku[api]: Release v9 created by benevedeselias@gmail.com
2014-10-18T00:27:31.957128+00:00 heroku[web.1]: Process exited with status 8
2014-10-18T00:27:29.884344+00:00 heroku[web.1]: Starting process with command `node app.js`
2014-10-18T00:27:30.743694+00:00 app[web.1]: 
2014-10-18T00:27:30.745375+00:00 app[web.1]:   throw new assert.AssertionError({
2014-10-18T00:27:30.753552+00:00 app[web.1]: AssertionError: path must be a string
2014-10-18T00:27:30.753558+00:00 app[web.1]:     at 
Module.require (module.js:362:3)
2014-10-18T00:27:30.753560+00:00 app[web.1]:     at require (module.js:380:17)
2014-10-18T00:27:30.753561+00:00 app[web.1]:     at Object.<anonymous> (/app/app.js:2:10)
2014-10-18T00:27:30.753563+00:00 app[web.1]:     at Module._compile (module.js:456:26)
2014-10-18T00:27:30.753564+00:00 app[web.1]:     at Object.Module._extensions..js (module.js:474:10)
2014-10-18T00:27:30.753565+00:00 app[web.1]:     at Module.load (module.js:356:32)
2014-10-18T00:27:30.753567+00:00 app[web.1]:     at Function.Module._load (module.js:312:12)
2014-10-18T00:27:30.753568+00:00 app[web.1]:     at Function.Module.runMain (module.js:497:10)
2014-10-18T00:27:30.753569+00:00 app[web.1]:     at startup (node.js:119:16)
2014-10-18T00:27:30.753571+00:00 app[web.1]:     at node.js:906:3
2014-10-18T00:27:16+00:00 heroku[slug-compiler]: Slug compilation finished
2014-10-18T00:27:30.735613+00:00 app[web.1]: Started program
2014-10-18T00:27:30.744337+00:00 app[web.1]: assert.js:92
2014-10-18T00:27:30.746454+00:00 app[web.1]:         ^
2014-10-18T00:27:25.780636+00:00 heroku[web.1]: Starting process with command `node app.js`
2014-10-18T00:26:49+00:00 heroku[slug-compiler]: Slug compilation started
2014-10-18T00:27:52.511809+00:00 heroku[router]: at=error code=H10 desc="App crashed" method=GET path="/" host=scout-ftc-web-app.herokuapp.com request_id=3e17386e-d043-4a18-927f-efdabffadd05 fwd="67.182.148.206" dyno= connect= se
rvice= status=503 bytes=
2014-10-18T00:27:27.366754+00:00 heroku[web.1]: State changed from starting to crashed
2014-10-18T00:27:27.366754+00:00 heroku[web.1]: State changed from crashed to starting
2014-10-18T00:27:22.830383+00:00 heroku[api]: Scale to web=1 by benevedeselias@gmail.com
2014-10-18T00:27:31.983731+00:00 heroku[web.1]: State changed from starting to crashed
2014-10-18T00:27:52.886983+00:00 heroku[router]: at=error code=H10 desc="App crashed" method=GET path="/favicon.ico" host=scout-ftc-web-app.herokuapp.com request_id=e8facdb7-4522-4f3e-ab58-2ab848d7b37a fwd="67.182.148.206" dyno= connect= service= status=503 bytes=
2014-10-18T00:27:26.642233+00:00 app[web.1]: 
2014-10-18T00:27:26.642834+00:00 app[web.1]:   throw new assert.AssertionError({
2014-10-18T00:27:26.642844+00:00 app[web.1]:         ^
2014-10-18T00:27:26.645774+00:00 app[web.1]: AssertionError: path must be a string
2014-10-18T00:27:26.645778+00:00 app[web.1]:     at Module.require (module.js:362:3)
2014-10-18T00:27:26.645780+00:00 app[web.1]:     at require (module.js:380:17)
2014-10-18T00:27:26.645782+00:00 app[web.1]:     at Object.<anonymous> (/app/app.js:2:10)
2014-10-18T00:27:26.645783+00:00 app[web.1]:     at Module._compile (module.js:456:26)
2014-10-18T00:27:26.645784+00:00 app[web.1]:     at Object.Module._extensions..js (module.js:474:10)
2014-10-18T00:27:26.645785+00:00 app[web.1]:     at Module.load (module.js:356:32)
2014-10-18T00:27:26.645787+00:00 app[web.1]:     at Function.Module._load (module.js:312:12)
2014-10-18T00:27:26.645788+00:00 app[web.1]:     at Function.Module.runMain (module.js:497:10)
2014-10-18T00:27:26.645789+00:00 app[web.1]:     at startup (node.js:119:16)
2014-10-18T00:27:26.645791+00:00 app[web.1]:     at node.js:906:3
2014-10-18T00:30:26.828805+00:00 heroku[web.1]: Starting process with command `node app.js`
2014-10-18T00:30:11.209472+00:00 heroku[api]: Scale to web=0 by benevedeselias@gmail.com
2014-10-18T00:30:20.215992+00:00 heroku[api]: Scale to web=1 by benevedeselias@gmail.com
2014-10-18T00:30:24.161193+00:00 app[web.1]: Started program
2014-10-18T00:30:24.162821+00:00 app[web.1]: assert.js:92
2014-10-18T00:30:24.162322+00:00 app[web.1]: 
2014-10-18T00:30:24.163185+00:00 app[web.1]:   throw new assert.AssertionError({
2014-10-18T00:30:24.163428+00:00 app[web.1]:         ^
2014-10-18T00:30:24.166761+00:00 app[web.1]: AssertionError: path must be a string
2014-10-18T00:30:24.166766+00:00 app[web.1]:     at Module.require (module.js:362:3)
2014-10-18T00:30:24.166768+00:00 app[web.1]:     at require (module.js:380:17)
2014-10-18T00:30:24.166769+00:00 app[web.1]:     at Object.<anonymous> (/app/app.js:2:10)
2014-10-18T00:30:24.166771+00:00 app[web.1]:     at Module._compile (module.js:456:26)
2014-10-18T00:30:24.166772+00:00 app[web.1]:     at Object.Module._extensions..js (module.js:474:10)
2014-10-18T00:30:24.1
66773+00:00 app[web.1]:     at Module.load (module.js:356:32)
2014-10-18T00:30:24.166775+00:00 app[web.1]:     at Function.Module._load (module.js:312:12)
2014-10-18T00:30:24.166776+00:00 app[web.1]:     at Function.Module.runMain (module.js:497:10)
2014-10-18T00:30:24.166777+00:00 app[web.1]:     at startup (node.js:119:16)
2014-10-18T00:30:24.166779+00:00 app[web.1]:     at node.js:906:3
2014-10-18T00:30:28.121268+00:00 heroku[web.1]: State changed from starting to crashed
2014-10-18T00:30:27.403974+00:00 app[web.1]: 
2014-10-18T00:30:27.404556+00:00 app[web.1]:   throw new assert.AssertionError({
2014-10-18T00:30:27.404569+00:00 app[web.1]:         ^
2014-10-18T00:30:27.407753+00:00 app[web.1]: AssertionError: path must be a string
2014-10-18T00:30:27.407756+00:00 app[web.1]:     at Module.require (module.js:362:3)
2014-10-18T00:30:27.407758+00:00 app[web.1]:     at require (module.js:380:17)
2014-10-18T00:30:27.407760+00:00 app[web.1]:     at Object.<anonymous> (/app/app.js:2:10)
2014-10-18T00:30:27.407762+00:00 app[web.1]:     at Module._compile (module.js:456:26)
2014-10-18T00:30:27.407764+00:00 app[web.1]:     at Object.Module._extensions..js (module.js:474:10)
2014-10-18T00:30:27.407766+00:00 app[web.1]:     at Module.load (module.js:356:32)
2014-10-18T00:30:27.407767+00:00 app[web.1]:     at Function.Module._load (module.js:312:12)
2014-10-18T00:30:27.407769+00:00 app[web.1]:     at Function.Module.runMain (module.js:497:10)
2014-10-18T00:30:27.407771+00:00 app[web.1]:     at startup (node.js:119:16)
2014-10-18T00:30:27.407773+00:00 app[web.1]:     at node.js:906:3
2014-10-18T00:30:11.798240+00:00 heroku[web.1]: State changed from crashed to down
2014-10-18T00:30:27.403121+00:00 app[web.1]: Started program
2014-10-18T00:30:27.404303+00:00 app[web.1]: assert.js:92
2014-10-18T00:30:25.000608+00:00 heroku[web.1]: State changed from starting to crashed
2014-10-18T00:30:25.001330+00:00 heroku[web.1]: State changed from crashed to starting
2014-10-18T00:35:31.072194+00:00 heroku[web.1]: Process exited with status 8
2014-10-17T03:40:56.017382+00:00 app[web.1]: Starting request...
2014-10-17T03:40:49.252239+00:00 heroku[router]: at=info method=GET path="/index.js" host=scout-ftc-web-app.herokuapp.com request_id=99098f55-b203-43d1-8c6d-6a26b5b8834c fwd="166.137.101.161,66.102.6.97" dyno=web.1 connect=1ms service=6ms status=200 bytes=1754
2014-10-17T03:40:56.592602+00:00 heroku[router]: at=info method=GET path="/canvas.js" host=scout-ftc-web-app.herokuapp.com request_id=3c5df765-fab1-4371-aaf1-75d1772c526c fwd="166.137.101.161,66.102.6.103" dyno=web.1 connect=2ms service=3ms status=200 bytes=894
2014-10-17T03:40:50.795242+00:00 heroku[router]: at=info method=GET path="/favicon.ico" host=scout-ftc-web-app.herokuapp.com request_id=fdcb659c-e9c9-4a5f-994a-0af17533b1e9 fwd="166.137.101.161,64.233.172.21" dyno=web.1 connect=0ms service=5ms status=200 bytes=1488
2014-10-17T03:40:48.682304+00:00 app[web.1]: Starting request...
2014-10-17T03:40:49.249241+00:00 app[web.1]: Starting request...
2014-10-17T03:40:48.685789+00:00 heroku[router]: at=info method=GET path="/" host=scout-ftc-web-app.herokuapp.com request_id=6fcc3f4b-c135-473d-b320-3c51c2c47e73 fwd="166.137.101.161,66.102.6.97" dyno=web.1 connect=0ms service=3ms status=200 bytes=1310
2014-10-17T04:53:47.287762+00:00 heroku[web.1]: Process exited with status 143
2014-10-17T04:53:42.690484+00:00 heroku[web.1]: Idling
2014-10-17T04:53:42.691103+00:00 heroku[web.1]: State changed from up to down
2014-10-17T04:53:45.541186+00:00 heroku[web.1]: Stopping all processes with SIGTERM
2014-10-18T00:14:52.257863+00:00 heroku[api]: Attach HEROKU_POSTGRESQL_NAVY resource by benevedeselias@gmail.com
2014-10-18T00:14:52.257930+00:00 heroku[api]: Release v9 created by benevedeselias@gmail.com
2014-10-18T00:27:31.957128+00:00 heroku[web.1]: Process exited with status 8
2014-10-18T00:27:29.884344+00:00 heroku[web.1]: Starting process with command `node app.js`
2014-10-18T00:27:30.743694+00:00 app[web.1]: 
2014-10-18T00:27:30.745375+00:00 app[web.1]:   throw new assert.AssertionError({
2014-10-18T00:27:30.753552+00:00 app[web.1]: AssertionError: path must be a string
2014-10-18T00:27:30.753558+00:00 app[web.1]:     at Module.require (module.js:362:3)
2014-10-18T00:27:30.753560+00:00 app[web.1]:     at require (module.js:380:17)
2014-10-18T00:27:30.753561+00:00 app[web.1]:     at Object.<anonymous> (/app/app.js:2:10)
2014-10-18T00:27:30.753563+00:00 app[web.1]:     at Module._compile (module.js:456:26)
2014-10-18T00:27:30.753564+00:00 app[web.1]:     at Object.Module._extensions..js (module.js:474:10)
2014-10-18T00:27:30.753565+00:00 app[web.1]:     at Module.load (module.js:356:32)
2014-10-18T00:27:30.753567+00:00 app[web.1]:     at Function.Module._load (module.js:312:12)
2014-10-18T00:27:30.753568+00:00 app[web.1]:     at Function.Module.runMain (module.js:497:10)
2014-10-18T00:27:30.753569+00:00 app[web.1]:     at startup (node.js:119:16)
2014-10-18T00:27:30.753571+00:00 app[web.1]:     at node.js:906:3
2014-10-18T00:27:16+00:00 heroku[slug-compiler]: Slug compilation finished
2014-10-18T00:27:30.735613+00:00 app[web.1]: Started program
2014-10-18T00:27:30.744337+00:00 app[web.1]: assert.js:92
2014-10-18T00:27:30.746454+00:00 app[web.1]:         ^
2014-10-18T00:27:25.780636+00:00 heroku[web.1]: Starting process with command `node app.js`
2014-10-18T00:26:49+00:00 heroku[slug-compiler]: Slug compilation started
2014-10-18T00:27:52.511809+00:00 heroku[router]: at=error code=H10 desc="App crashed" method=GET path="/" host=scout-ftc-web-app.herokuapp.com request_id=3e17386e-d043-4a18-927f-efdabffadd05 fwd="67.182.148.206" dyno= connect= service= status=503 bytes=
2014-10-18T00:27:27.366754+00:00 heroku[web.1]: State changed from starting to crashed
2014-10-18T00:27:27.366754+00:00 heroku[web.1]: State changed from crashed to starting
2014-10-18T00:27:22.830383+00:00 heroku[api]: Scale to web=1 by benevedeselias@gmail.com
2014-10-18T00:27:31.983731+00:00 heroku[web.1]: State changed from starting to crashed
2014-10-18T00:27:52.886983+00:00 heroku[router]: at=error code=H10 desc="App crashed" method=GET path="/favicon.ico" host=scout-ftc-web-app.herokuapp.com request_id=e8facdb7-4522-4f3e-ab58-2ab848d7b37a fwd="67.182.148.206" dyno= connect= service= status=503 bytes=
2014-10-18T00:27:26.642233+00:00 app[web.1]: 
2014-10-18T00:27:26.642834+00:00 app[web.1]:   throw new assert.AssertionError({
2014-10-18T00:27:26.642844+00:00 app[web.1]:         ^
2014-10-18T00:27:26.645774+00:00 app[web.1]: AssertionError: path must be a string
2014-10-18T00:27:26.645778+00:00 app[web.1]:     at Module.require (module.js:362:3)
2014-10-18T00:27:26.645780+00:00 app[web.1]:     at require (module.js:380:17)
2014-10-18T00:27:26.645782+00:00 app[web.1]:     at Object.<anonymous> (/app/app.js:2:10)
2014-10-18T00:27:26.645783+00:00 app[web.1]:     at Module._compile (module.js:456:26)
2014-10-18T00:27:26.645784+00:00 app[web.1]:     at Object.Module._extensions..js (module.js:474:10)
2014-10-18T00:27:26.645785+00:00 app[web.1]:     at Module.load (module.js:356:32)
2014-10-18T00:27:26.645787+00:00 app[web.1]:     at Function.Module._load (module.js:312:12)
2014-10-18T00:27:26.645788+00:00 app[web.1]:     at Function.Module.runMain (module.js:497:10)
2014-10-18T00:27:26.645789+00:00 app[web.1]:     at startup (node.js:119:16)
2014-10-18T00:27:26.645791+00:00 app[web.1]:     at node.js:906:3
2014-10-18T00:30:26.828805+00:00 heroku[web.1]: Starting process with command `node app.js`
2014-10-18T00:30:11.209472+00:00 heroku[api]: Scale to web=0 by benevedeselias@gmail.com
2014-10-18T00:30:20.215992+00:00 heroku[api]: Scale to web=1 by benevedeselias@gmail.com
2014-10-18T00:30:24.161193+00:00 app[web.1]: Started program
2014-10-18T00:30:24.162821+00:00 app[web.1]: assert.js:92
2014-10-18T00:30:24.162322+00:00 app[web.1]: 
2014-10-18T00:30:24.163185+00:00 app[web.1]:   throw new assert.AssertionError({
2014-10-18T00:30:24.163428+00:00 app[web.1]:         ^
2014-10-18T00:30:24.166761+00:00 app[web.1]: AssertionError: path must be a string
2014-10-18T00:30:24.166766+00:00 app[web.1]:     at Module.require (module.js:362:3)
2014-10-18T00:30:24.166768+00:00 app[web.1]:     at require (module.js:380:17)
2014-10-18T00:30:24.166769+00:00 app[web.1]:     at Object.<anonymous> (/app/app.js:2:10)
2014-10-18T00:30:24.166771+00:00 app[web.1]:     at Module._compile (module.js:456:26)
2014-10-18T00:30:24.166772+00:00 app[web.1]:     at Object.Module._extensions..js (module.js:474:10)
2014-10-18T00:30:24.166773+00:00 app[web.1]:     at Module.load (module.js:356:32)
2014-10-18T00:30:24.166775+00:00 app[web.1]:     at Function.Module._load (module.js:312:12)
2014-10-18T00:30:24.166776+00:00 app[web.1]:     at Function.Module.runMain (module.js:497:10)
2014-10-18T00:30:24.166777+00:00 app[web.1]:     at startup (node.js:119:16)
2014-10-18T00:30:24.166779+00:00 app[web.1]:     at node.js:906:3
2014-10-18T00:30:28.121268+00:00 heroku[web.1]: State changed from starting to crashed
2014-10-18T00:30:27.403974+00:00 app[web.1]: 
2014-10-18T00:30:27.404556+00:00 app[web.1]:   throw new assert.AssertionError({
2014-10-18T00:30:27.404569+00:00 app[web.1]:         ^
2014-10-18T00:30:27.407753+00:00 app[web.1]: AssertionError: path must be a string
2014-10-18T00:30:27.407756+00:00 app[web.1]:     at Module.require (module.js:362:3)
2014-10-18T00:30:27.407758+00:00 app[web.1]:     at require (module.js:380:17)
2014-10-18T00:30:27.407760+00:00 app[web.1]:     at Object.<anonymous> (/app/app.js:2:10)
2014-10-18T00:30:27.407762+00:00 app[web.1]:     at Module._compile (module.js:456:26)
2014-10-18T00:30:27.407764+00:00 app[web.1]:     at Object.Module._extensions..js (module.js:474:10)
2014-10-18T00:30:27.407766+00:00 app[web.1]:     at Module.load (module.js:356:32)
2014-10-18T00:30:27.407767+00:00 app[web.1]:     at Function.Module._load (module.js:312:12)
2014-10-18T00:30:27.407769+00:00 app[web.1]:     at Function.Module.runMain (module.js:497:10)
2014-10-18T00:30:27.407771+00:00 app[web.1]:     at startup (node.js:119:16)
2014-10-18T00:30:27.407773+00:00 app[web.1]:     at node.js:906:3
2014-10-18T00:30:11.798240+00:00 heroku[web.1]: State changed from crashed to down
2014-10-18T00:30:27.403121+00:00 app[web.1]: Started program
2014-10-18T00:30:27.404303+00:00 app[web.1]: assert.js:92
2014-10-18T00:30:25.000608+00:00 heroku[web.1]: State changed from starting to crashed
2014-10-18T00:30:25.001330+00:00 heroku[web.1]: State changed from crashed to starting
2014-10-18T00:35:31.072194+00:00 heroku[web.1]: Process exited with status 8
2014-10-18T00:35:29.936092+00:00 app[web.1]: Started program
2014-10-18T00:35:30.198251+00:00 app[web.1]: Added file handler success!
2014-10-18T00:35:25+00:00 heroku[slug-compiler]: Slug compilation finished
2014-10-18T00:35:31.078426+00:00 heroku[web.1]: State changed from starting to crashed
2014-10-18T00:35:25.325502+00:00 heroku[api]: Deploy fed132e by benevedeselias@gmail.com
2014-10-18T00:35:25.325816+00:00 heroku[api]: Release v11 created by benevedeselias@gmail.com
2014-10-18T00:35:32.618474+00:00 heroku[router]: at=error code=H10 desc="App crashed" method=GET path="/" host=scout-ftc-web-app.herokuapp.com request_id=fb71f342-3b60-4fa8-825d-5e51240e116a fwd="54.221.129.200" dyno= connect= service= status=503 bytes=
2014-10-17T03:40:56.017382+00:00 app[web.1]: Starting request...
2014-10-17T03:40:49.252239+00:00 heroku[router]: at=info method=GET path="/index.js" host=scout-ftc-web-app.herokuapp.com request_id=99098f55-b203-43d1-8c6d-6a26b5b8834c fwd="166.137.101.161,66.102.6.97" dyno=web.1 connect=1ms service=6ms status=200 bytes=1754
2014-10-17T03:40:56.592602+00:00 heroku[router]: at=info method=GET path="/canvas.js" host=scout-ftc-web-app.herokuapp.com request_id=3c5df765-fab1-4371-aaf1-75d1772c526c fwd="166.137.101.161,66.102.6.103" dyno=web.1 connect=2ms service=3ms status=200 bytes=894
2014-10-17T03:40:50.795242+00:00 heroku[router]: at=info method=GET path="/favicon.ico" host=scout-ftc-web-app.herokuapp.com request_id=fdcb659c-e9c9-4a5f-994a-0af17533b1e9 fwd="166.137.101.161,64.233.172.21" dyno=web.1 connect=0ms service=5ms status=200 bytes=1488
2014-10-17T03:40:48.682304+00:00 app[web.1]: Starting request...
2014-10-17T03:40:49.249241+00:00 app[web.1]: Starting request...
2014-10-17T03:40:48.685789+00:00 heroku[router]: at=info method=GET path="/" host=scout-ftc-web-app.herokuapp.com request_id=6fcc3f4b-c135-473d-b320-3c51c2c47e73 fwd="166.137.101.161,66.102.6.97" dyno=web.1 connect=0ms service=3ms status=200 bytes=1310
2014-10-17T04:53:47.287762+00:00 heroku[web.1]: Process exited with status 143
2014-10-17T04:53:42.690484+00:00 heroku[web.1]: Idling
2014-10-17T04:53:42.691103+00:00 heroku[web.1]: State changed from up to down
2014-10-17T04:53:45.541186+00:00 heroku[web.1]: Stopping all processes with SIGTERM
2014-10-18T00:14:52.257863+00:00 heroku[api]: Attach HEROKU_POSTGRESQL_NAVY resource by benevedeselias@gmail.com
2014-10-18T00:14:52.257930+00:00 heroku[api]: Release v9 created by benevedeselias@gmail.com
2014-10-18T00:27:31.957128+00:00 heroku[web.1]: Process exited with status 8
2014-10-18T00:27:29.884344+00:00 heroku[web.1]: Starting process with command `node app.js`
2014-10-18T00:27:30.743694+00:00 app[web.1]: 
2014-10-18T00:27:30.745375+00:00 app[web.1]:   throw new assert.AssertionError({
2014-10-18T00:27:30.753552+00:00 app[web.1]: AssertionError: path must be a string
2014-10-18T00:27:30.753558+00:00 app[web.1]:     at Module.require (module.js:362:3)
2014-10-18T00:27:30.753560+00:00 app[web.1]:     at require (module.js:380:17)
2014-10-18T00:27:30.753561+00:00 app[web.1]:     at Object.<anonymous> (/app/app.js:2:10)
2014-10-18T00:27:30.753563+00:00 app[web.1]:     at Module._compile (module.js:456:26)
2014-10-18T00:27:30.753564+00:00 app[web.1]:     at Object.Module._extensions..js (module.js:474:10)
2014-10-18T00:27:30.753565+00:00 app[web.1]:     at Module.load (module.js:356:32)
2014-10-18T00:27:30.753567+00:00 app[web.1]:     at Function.Module._load (module.js:312:12)
2014-10-18T00:27:30.753568+00:00 app[web.1]:     at Function.Module.runMain (module.js:497:10)
2014-10-18T00:27:30.753569+00:00 app[web.1]:     at startup (node.js:119:16)
2014-10-18T00:27:30.753571+00:00 app[web.1]:     at node.js:906:3
2014-10-18T00:27:16+00:00 heroku[slug-compiler]: Slug compilation finished
2014-10-18T00:27:30.735613+00:00 app[web.1]: Started program
2014-10-18T00:27:30.744337+00:00 app[web.1]: assert.js:92
2014-10-18T00:27:30.746454+00:00 app[web.1]:         ^

2014-10-18T00:27:25.780636+00:00 heroku[web.1]: Starting process with command `node app.js`
2014-10-18T00:26:49+00:00 heroku[slug-compiler]: Slug compilation started
2014-10-18T00:27:52.511809+00:00 heroku[router]: at=error code=H10 desc="App crashed" method=GET path="/" host=scout-ftc-web-app.herokuapp.com request_id=3e17386e-d043-4a18-927f-efdabffadd05 fwd="67.182.148.206" dyno= connect= service= status=503 bytes=
2014-10-18T00:27:27.366754+00:00 heroku[web.1]: State changed from starting to crashed
2014-10-18T00:27:27.366754+00:00 heroku[web.1]: State changed from crashed to starting
2014-10-18T00:27:22.830383+00:00 heroku[api]: Scale to web=1 by benevedeselias@gmail.com
2014-10-18T00:27:31.983731+00:00 heroku[web.1]: State changed from starting to crashed
2014-10-18T00:27:52.886983+00:00 heroku[router]: at=error code=H10 desc="App crashed" method=GET path="/favicon.ico" host=scout-ftc-web-app.herokuapp.com request_id=e8facdb7-4522-4f3e-ab58-2ab848d7b37a fwd="67.182.148.206" dyno= connect= service= status=503 bytes=
2014-10-18T00:27:26.642233+00:00 app[web.1]: 
2014-10-18T00:27:26.642834+00:00 app[web.1]:   throw new assert.AssertionError({
2014-10-18T00:27:26.642844+00:00 app[web.1]:         ^
2014-10-18T00:27:26.645774+00:00 app[web.1]: AssertionError: path must be a string
2014-10-18T00:27:26.645778+00:00 app[web.1]:     at Module.require (module.js:362:3)
2014-10-18T00:27:26.645780+00:00 app[web.1]:     at require (m
odule.js:380:17)
2014-10-18T00:27:26.645782+00:00 app[web.1]:     at Object.<anonymous> (/app/app.js:2:10)
2014-10-18T00:27:26.645783+00:00 app[web.1]:     at Module._compile (module.js:456:26)
2014-10-18T00:27:26.645784+00:00 app[web.1]:     at Object.Module._extensions..js (module.js:474:10)
2014-10-18T00:27:26.645785+00:00 app[web.1]:     at Module.load (module.js:356:32)
2014-10-18T00:27:26.645787+00:00 app[web.1]:     at Function.Module._load (module.js:312:12)
2014-10-18T00:27:26.645788+00:00 app[web.1]:     at Function.Module.runMain (module.js:497:10)
2014-10-18T00:27:26.645789+00:00 app[web.1]:     at startup (node.js:119:16)
2014-10-18T00:27:26.645791+00:00 app[web.1]:     at node.js:906:3
2014-10-18T00:30:26.828805+00:00 heroku[web.1]: Starting process with command `node app.js`
2014-10-18T00:30:11.209472+00:00 heroku[api]: Scale to web=0 by benevedeselias@gmail.com
2014-10-18T00:30:20.215992+00:00 heroku[api]: Scale to web=1 by benevedeselias@gmail.com
2014-10-18T00:30:24.161193+00:00 app[web.1]: Started program
2014-10-18T00:30:24.162821+00:00 app[web.1]: assert.js:92
2014-10-18T00:30:24.162322+00:00 app[web.1]: 
2014-10-18T00:30:24.163185+00:00 app[web.1]:   throw new assert.AssertionError({
2014-10-18T00:30:24.163428+00:00 app[web.1]:         ^
2014-10-18T00:30:24.166761+00:00 app[web.1]: AssertionError: path must be a string
2014-10-18T00:30:24.166766+00:00 app[web.1]:     at Module.require (module.js:362:3)
2014-10-18T00:30:24.166768+00:00 app[web.1]:     at require (module.js:380:17)
2014-10-18T00:30:24.166769+00:00 app[web.1]:     at Object.<anonymous> (/app/app.js:2:10)
2014-10-18T00:30:24.166771+00:00 app[web.1]:     at Module._compile (module.js:456:26)
2014-10-18T00:30:24.166772+00:00 app[web.1]:     at Object.Module._extensions..js (module.js:474:10)
2014-10-18T00:30:24.166773+00:00 app[web.1]:     at Module.load (module.js:356:32)
2014-10-18T00:30:24.166775+00:00 app[web.1]:     at Function.Module._load (module.js:312:12)
2014-10-18T00:30:24.166776+00:00 app[web.1]:     at Function.Module.runMain (module.js:497:10)
2014-10-18T00:30:24.166777+00:00 app[web.1]:     at startup (node.js:119:16)
2014-10-18T00:30:24.166779+00:00 app[web.1]:     at node.js:906:3
2014-10-18T00:30:28.121268+00:00 heroku[web.1]: State changed from starting to crashed
2014-10-18T00:30:27.403974+00:00 app[web.1]: 
2014-10-18T00:30:27.404556+00:00 app[web.1]:   throw new assert.AssertionError({
2014-10-18T00:30:27.404569+00:00 app[web.1]:         ^
2014-10-18T00:30:27.407753+00:00 app[web.1]: AssertionError: path must be a string
2014-10-18T00:30:27.407756+00:00 app[web.1]:     at Module.require (module.js:362:3)
2014-10-18T00:30:27.407758+00:00 app[web.1]:     at require (module.js:380:17)
2014-10-18T00:30:27.407760+00:00 app[web.1]:     at Object.<anonymous> (/app/app.js:2:10)
2014-10-18T00:30:27.407762+00:00 app[web.1]:     at Module._compile (module.js:456:26)
2014-10-18T00:30:27.407764+00:00 app[web.1]:     at Object.Module._extensions..js (module.js:474:10)
2014-10-18T00:30:27.407766+00:00 app[web.1]:     at Module.load (module.js:356:32)
2014-10-18T00:30:27.407767+00:00 app[web.1]:     at Function.Module._load (module.js:312:12)
2014-10-18T00:30:27.407769+00:00 app[web.1]:     at Function.Module.runMain (module.js:497:10)
2014-10-18T00:30:27.407771+00:00 app[web.1]:     at startup (node.js:119:16)
2014-10-18T00:30:27.407773+00:00 app[web.1]:     at node.js:906:3
2014-10-18T00:30:11.798240+00:00 heroku[web.1]: State changed from crashed to down
2014-10-18T00:30:27.403121+00:00 app[web.1]: Started program
2014-10-18T00:30:27.404303+00:00 app[web.1]: assert.js:92
2014-10-18T00:30:25.000608+00:00 heroku[web.1]: State changed from starting to crashed
2014-10-18T00:30:25.001330+00:00 heroku[web.1]: State changed from crashed to starting
2014-10-18T00:35:31.072194+00:00 heroku[web.1]: Process exited with status 8
2014-10-18T00:35:29.936092+00:00 app[web.1]: Started program
2014-10-18T00:35:30.198251+00:00 app[web.1]: Added file handler success!
2014-10-18T00:35:25+00:00 heroku[slug-compiler]: Slug compilation finished
2014-10-18T00:35:31.078426+00:00 heroku[web.1]: State changed from starting to crashed
2014-10-18T00:35:25.325502+00:00 heroku[api]: Deploy fed132e by benevedeselias@gmail.com
2014-10-18T00:35:25.325816+00:00 heroku[api]: Release v11 created by benevedeselias@gmail.com
2014-10-18T00:35:32.618474+00:00 heroku[router]: at=error code=H10 desc="App crashed" method=GET path="/" host=scout-ftc-web-app.herokuapp.com request_id=fb71f342-3b60-4fa8-825d-5e51240e116a fwd="54.221.129.200" dyno= connect= service= status=503 bytes=
